CRITICAL - 2022-12-05 15:03:44 --> Class 'App\Controllers\User' not found
#0 D:\xampp\htdocs\prueba_acifuenntess\system\CodeIgniter.php(809): App\Controllers\Home->__construct()
#1 D:\xampp\htdocs\prueba_acifuenntess\system\CodeIgniter.php(410): CodeIgniter\CodeIgniter->createController()
#2 D:\xampp\htdocs\prueba_acifuenntess\system\CodeIgniter.php(326): CodeIgniter\CodeIgniter->handleRequest(NULL, Object(Config\Cache), false)
#3 D:\xampp\htdocs\prueba_acifuenntess\public\index.php(37): CodeIgniter\CodeIgniter->run()
#4 D:\xampp\htdocs\prueba_acifuenntess\system\Commands\Server\rewrite.php(43): require_once('D:\\xampp\\htdocs...')
#5 {main}
CRITICAL - 2022-12-05 15:04:56 --> Class 'App\Controllers\User' not found
#0 D:\xampp\htdocs\prueba_acifuenntess\system\CodeIgniter.php(809): App\Controllers\Home->__construct()
#1 D:\xampp\htdocs\prueba_acifuenntess\system\CodeIgniter.php(410): CodeIgniter\CodeIgniter->createController()
#2 D:\xampp\htdocs\prueba_acifuenntess\system\CodeIgniter.php(326): CodeIgniter\CodeIgniter->handleRequest(NULL, Object(Config\Cache), false)
#3 D:\xampp\htdocs\prueba_acifuenntess\public\index.php(37): CodeIgniter\CodeIgniter->run()
#4 D:\xampp\htdocs\prueba_acifuenntess\system\Commands\Server\rewrite.php(43): require_once('D:\\xampp\\htdocs...')
#5 {main}
CRITICAL - 2022-12-05 15:05:00 --> Class 'App\Controllers\User' not found
#0 D:\xampp\htdocs\prueba_acifuenntess\system\CodeIgniter.php(809): App\Controllers\Home->__construct()
#1 D:\xampp\htdocs\prueba_acifuenntess\system\CodeIgniter.php(410): CodeIgniter\CodeIgniter->createController()
#2 D:\xampp\htdocs\prueba_acifuenntess\system\CodeIgniter.php(326): CodeIgniter\CodeIgniter->handleRequest(NULL, Object(Config\Cache), false)
#3 D:\xampp\htdocs\prueba_acifuenntess\public\index.php(37): CodeIgniter\CodeIgniter->run()
#4 D:\xampp\htdocs\prueba_acifuenntess\system\Commands\Server\rewrite.php(43): require_once('D:\\xampp\\htdocs...')
#5 {main}
CRITICAL - 2022-12-05 15:05:33 --> Class 'App\Controllers\User' not found
#0 D:\xampp\htdocs\prueba_acifuenntess\system\CodeIgniter.php(809): App\Controllers\Home->__construct()
#1 D:\xampp\htdocs\prueba_acifuenntess\system\CodeIgniter.php(410): CodeIgniter\CodeIgniter->createController()
#2 D:\xampp\htdocs\prueba_acifuenntess\system\CodeIgniter.php(326): CodeIgniter\CodeIgniter->handleRequest(NULL, Object(Config\Cache), false)
#3 D:\xampp\htdocs\prueba_acifuenntess\public\index.php(37): CodeIgniter\CodeIgniter->run()
#4 D:\xampp\htdocs\prueba_acifuenntess\system\Commands\Server\rewrite.php(43): require_once('D:\\xampp\\htdocs...')
#5 {main}
CRITICAL - 2022-12-05 15:06:58 --> Class 'App\Controllers\User' not found
#0 D:\xampp\htdocs\prueba_acifuenntess\system\CodeIgniter.php(809): App\Controllers\Home->__construct()
#1 D:\xampp\htdocs\prueba_acifuenntess\system\CodeIgniter.php(410): CodeIgniter\CodeIgniter->createController()
#2 D:\xampp\htdocs\prueba_acifuenntess\system\CodeIgniter.php(326): CodeIgniter\CodeIgniter->handleRequest(NULL, Object(Config\Cache), false)
#3 D:\xampp\htdocs\prueba_acifuenntess\public\index.php(37): CodeIgniter\CodeIgniter->run()
#4 D:\xampp\htdocs\prueba_acifuenntess\system\Commands\Server\rewrite.php(43): require_once('D:\\xampp\\htdocs...')
#5 {main}
CRITICAL - 2022-12-05 15:11:46 --> Class 'App\Controllers\User' not found
#0 D:\xampp\htdocs\prueba_acifuenntess\system\CodeIgniter.php(809): App\Controllers\Home->__construct()
#1 D:\xampp\htdocs\prueba_acifuenntess\system\CodeIgniter.php(410): CodeIgniter\CodeIgniter->createController()
#2 D:\xampp\htdocs\prueba_acifuenntess\system\CodeIgniter.php(326): CodeIgniter\CodeIgniter->handleRequest(NULL, Object(Config\Cache), false)
#3 D:\xampp\htdocs\prueba_acifuenntess\public\index.php(37): CodeIgniter\CodeIgniter->run()
#4 {main}
CRITICAL - 2022-12-05 15:17:43 --> Class 'App\Controllers\User' not found
#0 D:\xampp\htdocs\prueba_acifuenntess\system\CodeIgniter.php(809): App\Controllers\Home->__construct()
#1 D:\xampp\htdocs\prueba_acifuenntess\system\CodeIgniter.php(410): CodeIgniter\CodeIgniter->createController()
#2 D:\xampp\htdocs\prueba_acifuenntess\system\CodeIgniter.php(326): CodeIgniter\CodeIgniter->handleRequest(NULL, Object(Config\Cache), false)
#3 D:\xampp\htdocs\prueba_acifuenntess\public\index.php(37): CodeIgniter\CodeIgniter->run()
#4 {main}
CRITICAL - 2022-12-05 15:17:57 --> Class 'App\Controllers\User' not found
#0 D:\xampp\htdocs\prueba_acifuenntess\system\CodeIgniter.php(809): App\Controllers\Home->__construct()
#1 D:\xampp\htdocs\prueba_acifuenntess\system\CodeIgniter.php(410): CodeIgniter\CodeIgniter->createController()
#2 D:\xampp\htdocs\prueba_acifuenntess\system\CodeIgniter.php(326): CodeIgniter\CodeIgniter->handleRequest(NULL, Object(Config\Cache), false)
#3 D:\xampp\htdocs\prueba_acifuenntess\public\index.php(37): CodeIgniter\CodeIgniter->run()
#4 {main}
CRITICAL - 2022-12-05 15:19:18 --> Invalid file: login.php
#0 D:\xampp\htdocs\prueba_acifuenntess\system\View\View.php(198): CodeIgniter\Exceptions\FrameworkException::forInvalidFile('login.php')
#1 D:\xampp\htdocs\prueba_acifuenntess\system\Common.php(1089): CodeIgniter\View\View->render('login', Array, true)
#2 D:\xampp\htdocs\prueba_acifuenntess\app\Controllers\Login.php(18): view('login')
#3 D:\xampp\htdocs\prueba_acifuenntess\system\CodeIgniter.php(832): App\Controllers\Login->index()
#4 D:\xampp\htdocs\prueba_acifuenntess\system\CodeIgniter.php(419): CodeIgniter\CodeIgniter->runController(Object(App\Controllers\Login))
#5 D:\xampp\htdocs\prueba_acifuenntess\system\CodeIgniter.php(326): CodeIgniter\CodeIgniter->handleRequest(NULL, Object(Config\Cache), false)
#6 D:\xampp\htdocs\prueba_acifuenntess\public\index.php(37): CodeIgniter\CodeIgniter->run()
#7 {main}
CRITICAL - 2022-12-05 16:59:26 --> Class 'Firebase\JWT\JWT' not found
#0 D:\xampp\htdocs\prueba_acifuentess\system\CodeIgniter.php(832): App\Controllers\User->validateUser()
#1 D:\xampp\htdocs\prueba_acifuentess\system\CodeIgniter.php(419): CodeIgniter\CodeIgniter->runController(Object(App\Controllers\User))
#2 D:\xampp\htdocs\prueba_acifuentess\system\CodeIgniter.php(326): CodeIgniter\CodeIgniter->handleRequest(NULL, Object(Config\Cache), false)
#3 D:\xampp\htdocs\prueba_acifuentess\public\index.php(37): CodeIgniter\CodeIgniter->run()
#4 {main}
CRITICAL - 2022-12-05 16:59:29 --> Class 'Firebase\JWT\JWT' not found
#0 D:\xampp\htdocs\prueba_acifuentess\system\CodeIgniter.php(832): App\Controllers\User->validateUser()
#1 D:\xampp\htdocs\prueba_acifuentess\system\CodeIgniter.php(419): CodeIgniter\CodeIgniter->runController(Object(App\Controllers\User))
#2 D:\xampp\htdocs\prueba_acifuentess\system\CodeIgniter.php(326): CodeIgniter\CodeIgniter->handleRequest(NULL, Object(Config\Cache), false)
#3 D:\xampp\htdocs\prueba_acifuentess\public\index.php(37): CodeIgniter\CodeIgniter->run()
#4 {main}
CRITICAL - 2022-12-05 17:49:57 --> Class 'Firebase\JWT\JWT' not found
#0 D:\xampp\htdocs\prueba_acifuentess\system\CodeIgniter.php(832): App\Controllers\User->validateUser()
#1 D:\xampp\htdocs\prueba_acifuentess\system\CodeIgniter.php(419): CodeIgniter\CodeIgniter->runController(Object(App\Controllers\User))
#2 D:\xampp\htdocs\prueba_acifuentess\system\CodeIgniter.php(326): CodeIgniter\CodeIgniter->handleRequest(NULL, Object(Config\Cache), false)
#3 D:\xampp\htdocs\prueba_acifuentess\index.php(39): CodeIgniter\CodeIgniter->run()
#4 {main}
CRITICAL - 2022-12-05 17:50:24 --> Class 'Firebase\JWT\JWT' not found
#0 D:\xampp\htdocs\prueba_acifuentess\system\CodeIgniter.php(832): App\Controllers\User->validateUser()
#1 D:\xampp\htdocs\prueba_acifuentess\system\CodeIgniter.php(419): CodeIgniter\CodeIgniter->runController(Object(App\Controllers\User))
#2 D:\xampp\htdocs\prueba_acifuentess\system\CodeIgniter.php(326): CodeIgniter\CodeIgniter->handleRequest(NULL, Object(Config\Cache), false)
#3 D:\xampp\htdocs\prueba_acifuentess\index.php(39): CodeIgniter\CodeIgniter->run()
#4 {main}
CRITICAL - 2022-12-05 17:55:01 --> Access to undeclared static property: Kint\Kint::$depth_limit
#0 D:\xampp\htdocs\prueba_acifuentess\system\CodeIgniter.php(186): CodeIgniter\CodeIgniter->initializeKint()
#1 D:\xampp\htdocs\prueba_acifuentess\system\bootstrap.php(146): CodeIgniter\CodeIgniter->initialize()
#2 D:\xampp\htdocs\prueba_acifuentess\index.php(30): require('D:\\xampp\\htdocs...')
#3 {main}
CRITICAL - 2022-12-05 17:58:01 --> Access to undeclared static property: Kint\Kint::$depth_limit
#0 D:\xampp\htdocs\prueba_acifuentess\system\CodeIgniter.php(186): CodeIgniter\CodeIgniter->initializeKint()
#1 D:\xampp\htdocs\prueba_acifuentess\system\bootstrap.php(146): CodeIgniter\CodeIgniter->initialize()
#2 D:\xampp\htdocs\prueba_acifuentess\index.php(30): require('D:\\xampp\\htdocs...')
#3 {main}
CRITICAL - 2022-12-05 17:58:10 --> Access to undeclared static property: Kint\Kint::$depth_limit
#0 D:\xampp\htdocs\prueba_acifuentess\system\CodeIgniter.php(186): CodeIgniter\CodeIgniter->initializeKint()
#1 D:\xampp\htdocs\prueba_acifuentess\system\bootstrap.php(146): CodeIgniter\CodeIgniter->initialize()
#2 D:\xampp\htdocs\prueba_acifuentess\index.php(30): require('D:\\xampp\\htdocs...')
#3 {main}
CRITICAL - 2022-12-05 17:58:50 --> Access to undeclared static property: Kint\Kint::$depth_limit
#0 D:\xampp\htdocs\prueba_acifuentess\system\CodeIgniter.php(186): CodeIgniter\CodeIgniter->initializeKint()
#1 D:\xampp\htdocs\prueba_acifuentess\system\bootstrap.php(146): CodeIgniter\CodeIgniter->initialize()
#2 D:\xampp\htdocs\prueba_acifuentess\index.php(30): require('D:\\xampp\\htdocs...')
#3 {main}
CRITICAL - 2022-12-05 18:00:03 --> Access to undeclared static property: Kint\Kint::$depth_limit
#0 D:\xampp\htdocs\prueba_acifuentess\system\CodeIgniter.php(186): CodeIgniter\CodeIgniter->initializeKint()
#1 D:\xampp\htdocs\prueba_acifuentess\system\bootstrap.php(146): CodeIgniter\CodeIgniter->initialize()
#2 D:\xampp\htdocs\prueba_acifuentess\index.php(30): require('D:\\xampp\\htdocs...')
#3 {main}
CRITICAL - 2022-12-05 18:00:22 --> Access to undeclared static property: Kint\Kint::$depth_limit
#0 D:\xampp\htdocs\prueba_acifuentess\system\CodeIgniter.php(186): CodeIgniter\CodeIgniter->initializeKint()
#1 D:\xampp\htdocs\prueba_acifuentess\system\bootstrap.php(146): CodeIgniter\CodeIgniter->initialize()
#2 D:\xampp\htdocs\prueba_acifuentess\index.php(30): require('D:\\xampp\\htdocs...')
#3 {main}
CRITICAL - 2022-12-05 18:02:33 --> Access to undeclared static property: Kint\Kint::$depth_limit
#0 D:\xampp\htdocs\prueba_acifuentess\system\CodeIgniter.php(186): CodeIgniter\CodeIgniter->initializeKint()
#1 D:\xampp\htdocs\prueba_acifuentess\system\bootstrap.php(146): CodeIgniter\CodeIgniter->initialize()
#2 D:\xampp\htdocs\prueba_acifuentess\index.php(30): require('D:\\xampp\\htdocs...')
#3 {main}
CRITICAL - 2022-12-05 18:03:53 --> Access to undeclared static property: Kint\Kint::$depth_limit
#0 D:\xampp\htdocs\prueba_acifuentess\system\CodeIgniter.php(186): CodeIgniter\CodeIgniter->initializeKint()
#1 D:\xampp\htdocs\prueba_acifuentess\system\bootstrap.php(146): CodeIgniter\CodeIgniter->initialize()
#2 D:\xampp\htdocs\prueba_acifuentess\index.php(30): require('D:\\xampp\\htdocs...')
#3 {main}
CRITICAL - 2022-12-05 18:03:56 --> Access to undeclared static property: Kint\Kint::$depth_limit
#0 D:\xampp\htdocs\prueba_acifuentess\system\CodeIgniter.php(186): CodeIgniter\CodeIgniter->initializeKint()
#1 D:\xampp\htdocs\prueba_acifuentess\system\bootstrap.php(146): CodeIgniter\CodeIgniter->initialize()
#2 D:\xampp\htdocs\prueba_acifuentess\index.php(30): require('D:\\xampp\\htdocs...')
#3 {main}
CRITICAL - 2022-12-05 18:04:01 --> Access to undeclared static property: Kint\Kint::$depth_limit
#0 D:\xampp\htdocs\prueba_acifuentess\system\CodeIgniter.php(186): CodeIgniter\CodeIgniter->initializeKint()
#1 D:\xampp\htdocs\prueba_acifuentess\system\bootstrap.php(146): CodeIgniter\CodeIgniter->initialize()
#2 D:\xampp\htdocs\prueba_acifuentess\index.php(30): require('D:\\xampp\\htdocs...')
#3 {main}
CRITICAL - 2022-12-05 18:04:15 --> Access to undeclared static property: Kint\Kint::$depth_limit
#0 D:\xampp\htdocs\prueba_acifuentess\system\CodeIgniter.php(186): CodeIgniter\CodeIgniter->initializeKint()
#1 D:\xampp\htdocs\prueba_acifuentess\system\bootstrap.php(146): CodeIgniter\CodeIgniter->initialize()
#2 D:\xampp\htdocs\prueba_acifuentess\index.php(30): require('D:\\xampp\\htdocs...')
#3 {main}
CRITICAL - 2022-12-05 18:04:56 --> Access to undeclared static property: Kint\Kint::$depth_limit
#0 D:\xampp\htdocs\prueba_acifuentess\system\CodeIgniter.php(186): CodeIgniter\CodeIgniter->initializeKint()
#1 D:\xampp\htdocs\prueba_acifuentess\system\bootstrap.php(146): CodeIgniter\CodeIgniter->initialize()
#2 D:\xampp\htdocs\prueba_acifuentess\index.php(30): require('D:\\xampp\\htdocs...')
#3 {main}
CRITICAL - 2022-12-05 18:05:37 --> Access to undeclared static property: Kint\Kint::$depth_limit
#0 D:\xampp\htdocs\prueba_acifuentess\system\CodeIgniter.php(186): CodeIgniter\CodeIgniter->initializeKint()
#1 D:\xampp\htdocs\prueba_acifuentess\system\bootstrap.php(146): CodeIgniter\CodeIgniter->initialize()
#2 D:\xampp\htdocs\prueba_acifuentess\index.php(30): require('D:\\xampp\\htdocs...')
#3 {main}
CRITICAL - 2022-12-05 18:05:37 --> Access to undeclared static property: Kint\Kint::$depth_limit
#0 D:\xampp\htdocs\prueba_acifuentess\system\CodeIgniter.php(186): CodeIgniter\CodeIgniter->initializeKint()
#1 D:\xampp\htdocs\prueba_acifuentess\system\bootstrap.php(146): CodeIgniter\CodeIgniter->initialize()
#2 D:\xampp\htdocs\prueba_acifuentess\index.php(30): require('D:\\xampp\\htdocs...')
#3 {main}
CRITICAL - 2022-12-05 18:05:45 --> Access to undeclared static property: Kint\Kint::$depth_limit
#0 D:\xampp\htdocs\prueba_acifuentess\system\CodeIgniter.php(186): CodeIgniter\CodeIgniter->initializeKint()
#1 D:\xampp\htdocs\prueba_acifuentess\system\bootstrap.php(146): CodeIgniter\CodeIgniter->initialize()
#2 D:\xampp\htdocs\prueba_acifuentess\index.php(30): require('D:\\xampp\\htdocs...')
#3 {main}
CRITICAL - 2022-12-05 18:06:28 --> Access to undeclared static property: Kint\Kint::$depth_limit
#0 D:\xampp\htdocs\prueba_acifuentess\system\CodeIgniter.php(186): CodeIgniter\CodeIgniter->initializeKint()
#1 D:\xampp\htdocs\prueba_acifuentess\system\bootstrap.php(146): CodeIgniter\CodeIgniter->initialize()
#2 D:\xampp\htdocs\prueba_acifuentess\index.php(30): require('D:\\xampp\\htdocs...')
#3 {main}
CRITICAL - 2022-12-05 18:08:29 --> Access to undeclared static property: Kint\Kint::$depth_limit
#0 D:\xampp\htdocs\prueba_acifuentess\system\CodeIgniter.php(186): CodeIgniter\CodeIgniter->initializeKint()
#1 D:\xampp\htdocs\prueba_acifuentess\system\bootstrap.php(146): CodeIgniter\CodeIgniter->initialize()
#2 D:\xampp\htdocs\prueba_acifuentess\index.php(30): require('D:\\xampp\\htdocs...')
#3 {main}
CRITICAL - 2022-12-05 18:08:46 --> Access to undeclared static property: Kint\Kint::$depth_limit
#0 D:\xampp\htdocs\prueba_acifuentess\system\CodeIgniter.php(186): CodeIgniter\CodeIgniter->initializeKint()
#1 D:\xampp\htdocs\prueba_acifuentess\system\bootstrap.php(146): CodeIgniter\CodeIgniter->initialize()
#2 D:\xampp\htdocs\prueba_acifuentess\index.php(30): require('D:\\xampp\\htdocs...')
#3 {main}
CRITICAL - 2022-12-05 18:09:45 --> Access to undeclared static property: Kint\Kint::$depth_limit
#0 D:\xampp\htdocs\prueba_acifuentess\system\CodeIgniter.php(186): CodeIgniter\CodeIgniter->initializeKint()
#1 D:\xampp\htdocs\prueba_acifuentess\system\bootstrap.php(146): CodeIgniter\CodeIgniter->initialize()
#2 D:\xampp\htdocs\prueba_acifuentess\index.php(30): require('D:\\xampp\\htdocs...')
#3 {main}
CRITICAL - 2022-12-05 18:09:56 --> Access to undeclared static property: Kint\Kint::$depth_limit
#0 D:\xampp\htdocs\prueba_acifuentess\system\CodeIgniter.php(186): CodeIgniter\CodeIgniter->initializeKint()
#1 D:\xampp\htdocs\prueba_acifuentess\system\bootstrap.php(146): CodeIgniter\CodeIgniter->initialize()
#2 D:\xampp\htdocs\prueba_acifuentess\index.php(30): require('D:\\xampp\\htdocs...')
#3 {main}
CRITICAL - 2022-12-05 19:02:34 --> Access to undeclared static property: Kint\Kint::$depth_limit
#0 D:\xampp\htdocs\prueba_acifuentess\system\CodeIgniter.php(186): CodeIgniter\CodeIgniter->initializeKint()
#1 D:\xampp\htdocs\prueba_acifuentess\system\bootstrap.php(146): CodeIgniter\CodeIgniter->initialize()
#2 D:\xampp\htdocs\prueba_acifuentess\index.php(30): require('D:\\xampp\\htdocs...')
#3 {main}
CRITICAL - 2022-12-05 19:03:05 --> Access to undeclared static property: Kint\Kint::$depth_limit
#0 D:\xampp\htdocs\prueba_acifuentess\system\CodeIgniter.php(186): CodeIgniter\CodeIgniter->initializeKint()
#1 D:\xampp\htdocs\prueba_acifuentess\system\bootstrap.php(146): CodeIgniter\CodeIgniter->initialize()
#2 D:\xampp\htdocs\prueba_acifuentess\index.php(30): require('D:\\xampp\\htdocs...')
#3 {main}
CRITICAL - 2022-12-05 19:04:38 --> Access to undeclared static property: Kint\Kint::$depth_limit
#0 D:\xampp\htdocs\prueba_acifuentess\system\CodeIgniter.php(186): CodeIgniter\CodeIgniter->initializeKint()
#1 D:\xampp\htdocs\prueba_acifuentess\system\bootstrap.php(146): CodeIgniter\CodeIgniter->initialize()
#2 D:\xampp\htdocs\prueba_acifuentess\spark(45): require('D:\\xampp\\htdocs...')
#3 {main}
CRITICAL - 2022-12-05 19:07:08 --> Class 'Firebase\JWT\JWT' not found
#0 D:\xampp\htdocs\prueba_acifuentess\system\CodeIgniter.php(832): App\Controllers\User->validateUser()
#1 D:\xampp\htdocs\prueba_acifuentess\system\CodeIgniter.php(419): CodeIgniter\CodeIgniter->runController(Object(App\Controllers\User))
#2 D:\xampp\htdocs\prueba_acifuentess\system\CodeIgniter.php(326): CodeIgniter\CodeIgniter->handleRequest(NULL, Object(Config\Cache), false)
#3 D:\xampp\htdocs\prueba_acifuentess\index.php(39): CodeIgniter\CodeIgniter->run()
#4 {main}
CRITICAL - 2022-12-05 19:23:31 --> Class 'App\Controllers\User' not found
#0 D:\xampp\htdocs\prueba_acifuentess\system\CodeIgniter.php(809): App\Controllers\Home->__construct()
#1 D:\xampp\htdocs\prueba_acifuentess\system\CodeIgniter.php(410): CodeIgniter\CodeIgniter->createController()
#2 D:\xampp\htdocs\prueba_acifuentess\system\CodeIgniter.php(326): CodeIgniter\CodeIgniter->handleRequest(NULL, Object(Config\Cache), false)
#3 D:\xampp\htdocs\prueba_acifuentess\index.php(39): CodeIgniter\CodeIgniter->run()
#4 {main}
CRITICAL - 2022-12-05 19:24:23 --> Class 'App\Controllers\User' not found
#0 D:\xampp\htdocs\prueba_acifuentess\system\CodeIgniter.php(809): App\Controllers\Home->__construct()
#1 D:\xampp\htdocs\prueba_acifuentess\system\CodeIgniter.php(410): CodeIgniter\CodeIgniter->createController()
#2 D:\xampp\htdocs\prueba_acifuentess\system\CodeIgniter.php(326): CodeIgniter\CodeIgniter->handleRequest(NULL, Object(Config\Cache), false)
#3 D:\xampp\htdocs\prueba_acifuentess\index.php(39): CodeIgniter\CodeIgniter->run()
#4 {main}
CRITICAL - 2022-12-05 19:24:33 --> Class 'App\Controllers\User' not found
#0 D:\xampp\htdocs\prueba_acifuentess\system\CodeIgniter.php(809): App\Controllers\Home->__construct()
#1 D:\xampp\htdocs\prueba_acifuentess\system\CodeIgniter.php(410): CodeIgniter\CodeIgniter->createController()
#2 D:\xampp\htdocs\prueba_acifuentess\system\CodeIgniter.php(326): CodeIgniter\CodeIgniter->handleRequest(NULL, Object(Config\Cache), false)
#3 D:\xampp\htdocs\prueba_acifuentess\index.php(39): CodeIgniter\CodeIgniter->run()
#4 {main}
CRITICAL - 2022-12-05 19:25:09 --> Class 'App\Controllers\User' not found
#0 D:\xampp\htdocs\prueba_acifuentess\system\CodeIgniter.php(809): App\Controllers\Home->__construct()
#1 D:\xampp\htdocs\prueba_acifuentess\system\CodeIgniter.php(410): CodeIgniter\CodeIgniter->createController()
#2 D:\xampp\htdocs\prueba_acifuentess\system\CodeIgniter.php(326): CodeIgniter\CodeIgniter->handleRequest(NULL, Object(Config\Cache), false)
#3 D:\xampp\htdocs\prueba_acifuentess\index.php(39): CodeIgniter\CodeIgniter->run()
#4 {main}
CRITICAL - 2022-12-05 19:25:11 --> Class 'App\Controllers\User' not found
#0 D:\xampp\htdocs\prueba_acifuentess\system\CodeIgniter.php(809): App\Controllers\Home->__construct()
#1 D:\xampp\htdocs\prueba_acifuentess\system\CodeIgniter.php(410): CodeIgniter\CodeIgniter->createController()
#2 D:\xampp\htdocs\prueba_acifuentess\system\CodeIgniter.php(326): CodeIgniter\CodeIgniter->handleRequest(NULL, Object(Config\Cache), false)
#3 D:\xampp\htdocs\prueba_acifuentess\index.php(39): CodeIgniter\CodeIgniter->run()
#4 {main}
CRITICAL - 2022-12-05 19:25:23 --> Class 'App\Controllers\User' not found
#0 D:\xampp\htdocs\prueba_acifuentess\system\CodeIgniter.php(809): App\Controllers\Home->__construct()
#1 D:\xampp\htdocs\prueba_acifuentess\system\CodeIgniter.php(410): CodeIgniter\CodeIgniter->createController()
#2 D:\xampp\htdocs\prueba_acifuentess\system\CodeIgniter.php(326): CodeIgniter\CodeIgniter->handleRequest(NULL, Object(Config\Cache), false)
#3 D:\xampp\htdocs\prueba_acifuentess\index.php(39): CodeIgniter\CodeIgniter->run()
#4 {main}
CRITICAL - 2022-12-05 19:26:54 --> Class 'App\Controllers\User' not found
#0 D:\xampp\htdocs\prueba_acifuentess\system\CodeIgniter.php(809): App\Controllers\Home->__construct()
#1 D:\xampp\htdocs\prueba_acifuentess\system\CodeIgniter.php(410): CodeIgniter\CodeIgniter->createController()
#2 D:\xampp\htdocs\prueba_acifuentess\system\CodeIgniter.php(326): CodeIgniter\CodeIgniter->handleRequest(NULL, Object(Config\Cache), false)
#3 D:\xampp\htdocs\prueba_acifuentess\index.php(39): CodeIgniter\CodeIgniter->run()
#4 {main}
CRITICAL - 2022-12-05 19:26:57 --> Class 'App\Controllers\User' not found
#0 D:\xampp\htdocs\prueba_acifuentess\system\CodeIgniter.php(809): App\Controllers\Home->__construct()
#1 D:\xampp\htdocs\prueba_acifuentess\system\CodeIgniter.php(410): CodeIgniter\CodeIgniter->createController()
#2 D:\xampp\htdocs\prueba_acifuentess\system\CodeIgniter.php(326): CodeIgniter\CodeIgniter->handleRequest(NULL, Object(Config\Cache), false)
#3 D:\xampp\htdocs\prueba_acifuentess\index.php(39): CodeIgniter\CodeIgniter->run()
#4 {main}
CRITICAL - 2022-12-05 19:28:54 --> Class 'App\Controllers\User' not found
#0 D:\xampp\htdocs\prueba_acifuentess\system\CodeIgniter.php(809): App\Controllers\Home->__construct()
#1 D:\xampp\htdocs\prueba_acifuentess\system\CodeIgniter.php(410): CodeIgniter\CodeIgniter->createController()
#2 D:\xampp\htdocs\prueba_acifuentess\system\CodeIgniter.php(326): CodeIgniter\CodeIgniter->handleRequest(NULL, Object(Config\Cache), false)
#3 D:\xampp\htdocs\prueba_acifuentess\index.php(39): CodeIgniter\CodeIgniter->run()
#4 {main}
CRITICAL - 2022-12-05 19:29:43 --> Class 'App\Controllers\User' not found
#0 D:\xampp\htdocs\prueba_acifuentess\system\CodeIgniter.php(809): App\Controllers\Home->__construct()
#1 D:\xampp\htdocs\prueba_acifuentess\system\CodeIgniter.php(410): CodeIgniter\CodeIgniter->createController()
#2 D:\xampp\htdocs\prueba_acifuentess\system\CodeIgniter.php(326): CodeIgniter\CodeIgniter->handleRequest(NULL, Object(Config\Cache), false)
#3 D:\xampp\htdocs\prueba_acifuentess\index.php(39): CodeIgniter\CodeIgniter->run()
#4 {main}
CRITICAL - 2022-12-05 19:30:29 --> Invalid file: home.php
#0 D:\xampp\htdocs\prueba_acifuentess\system\View\View.php(198): CodeIgniter\Exceptions\FrameworkException::forInvalidFile('home.php')
#1 D:\xampp\htdocs\prueba_acifuentess\system\Common.php(1089): CodeIgniter\View\View->render('home', Array, true)
#2 D:\xampp\htdocs\prueba_acifuentess\app\Controllers\Home.php(35): view('home')
#3 D:\xampp\htdocs\prueba_acifuentess\system\CodeIgniter.php(832): App\Controllers\Home->index()
#4 D:\xampp\htdocs\prueba_acifuentess\system\CodeIgniter.php(419): CodeIgniter\CodeIgniter->runController(Object(App\Controllers\Home))
#5 D:\xampp\htdocs\prueba_acifuentess\system\CodeIgniter.php(326): CodeIgniter\CodeIgniter->handleRequest(NULL, Object(Config\Cache), false)
#6 D:\xampp\htdocs\prueba_acifuentess\index.php(39): CodeIgniter\CodeIgniter->run()
#7 {main}
CRITICAL - 2022-12-05 19:30:38 --> Invalid file: home.php
#0 D:\xampp\htdocs\prueba_acifuentess\system\View\View.php(198): CodeIgniter\Exceptions\FrameworkException::forInvalidFile('home.php')
#1 D:\xampp\htdocs\prueba_acifuentess\system\Common.php(1089): CodeIgniter\View\View->render('home', Array, true)
#2 D:\xampp\htdocs\prueba_acifuentess\app\Controllers\Home.php(35): view('home')
#3 D:\xampp\htdocs\prueba_acifuentess\system\CodeIgniter.php(832): App\Controllers\Home->index()
#4 D:\xampp\htdocs\prueba_acifuentess\system\CodeIgniter.php(419): CodeIgniter\CodeIgniter->runController(Object(App\Controllers\Home))
#5 D:\xampp\htdocs\prueba_acifuentess\system\CodeIgniter.php(326): CodeIgniter\CodeIgniter->handleRequest(NULL, Object(Config\Cache), false)
#6 D:\xampp\htdocs\prueba_acifuentess\index.php(39): CodeIgniter\CodeIgniter->run()
#7 {main}
CRITICAL - 2022-12-05 19:31:46 --> Class 'App\Controllers\ResourceController' not found
#0 D:\xampp\htdocs\prueba_acifuentess\system\Autoloader\Autoloader.php(264): include_once()
#1 D:\xampp\htdocs\prueba_acifuentess\system\Autoloader\Autoloader.php(241): CodeIgniter\Autoloader\Autoloader->includeFile('D:\\xampp\\htdocs...')
#2 D:\xampp\htdocs\prueba_acifuentess\system\Autoloader\Autoloader.php(219): CodeIgniter\Autoloader\Autoloader->loadInNamespace('App\\Controllers...')
#3 [internal function]: CodeIgniter\Autoloader\Autoloader->loadClass('App\\Controllers...')
#4 [internal function]: spl_autoload_call('App\\Controllers...')
#5 D:\xampp\htdocs\prueba_acifuentess\system\CodeIgniter.php(797): class_exists('\\App\\Controller...', true)
#6 D:\xampp\htdocs\prueba_acifuentess\system\CodeIgniter.php(406): CodeIgniter\CodeIgniter->startController()
#7 D:\xampp\htdocs\prueba_acifuentess\system\CodeIgniter.php(326): CodeIgniter\CodeIgniter->handleRequest(NULL, Object(Config\Cache), false)
#8 D:\xampp\htdocs\prueba_acifuentess\index.php(39): CodeIgniter\CodeIgniter->run()
#9 {main}
CRITICAL - 2022-12-05 19:32:28 --> Class 'App\Controllers\ResourceController' not found
#0 D:\xampp\htdocs\prueba_acifuentess\system\Autoloader\Autoloader.php(264): include_once()
#1 D:\xampp\htdocs\prueba_acifuentess\system\Autoloader\Autoloader.php(241): CodeIgniter\Autoloader\Autoloader->includeFile('D:\\xampp\\htdocs...')
#2 D:\xampp\htdocs\prueba_acifuentess\system\Autoloader\Autoloader.php(219): CodeIgniter\Autoloader\Autoloader->loadInNamespace('App\\Controllers...')
#3 [internal function]: CodeIgniter\Autoloader\Autoloader->loadClass('App\\Controllers...')
#4 [internal function]: spl_autoload_call('App\\Controllers...')
#5 D:\xampp\htdocs\prueba_acifuentess\system\CodeIgniter.php(797): class_exists('\\App\\Controller...', true)
#6 D:\xampp\htdocs\prueba_acifuentess\system\CodeIgniter.php(406): CodeIgniter\CodeIgniter->startController()
#7 D:\xampp\htdocs\prueba_acifuentess\system\CodeIgniter.php(326): CodeIgniter\CodeIgniter->handleRequest(NULL, Object(Config\Cache), false)
#8 D:\xampp\htdocs\prueba_acifuentess\index.php(39): CodeIgniter\CodeIgniter->run()
#9 {main}
CRITICAL - 2022-12-05 19:32:42 --> Class 'App\Controllers\ResourceController' not found
#0 D:\xampp\htdocs\prueba_acifuentess\system\Autoloader\Autoloader.php(264): include_once()
#1 D:\xampp\htdocs\prueba_acifuentess\system\Autoloader\Autoloader.php(241): CodeIgniter\Autoloader\Autoloader->includeFile('D:\\xampp\\htdocs...')
#2 D:\xampp\htdocs\prueba_acifuentess\system\Autoloader\Autoloader.php(219): CodeIgniter\Autoloader\Autoloader->loadInNamespace('App\\Controllers...')
#3 [internal function]: CodeIgniter\Autoloader\Autoloader->loadClass('App\\Controllers...')
#4 [internal function]: spl_autoload_call('App\\Controllers...')
#5 D:\xampp\htdocs\prueba_acifuentess\system\CodeIgniter.php(797): class_exists('\\App\\Controller...', true)
#6 D:\xampp\htdocs\prueba_acifuentess\system\CodeIgniter.php(406): CodeIgniter\CodeIgniter->startController()
#7 D:\xampp\htdocs\prueba_acifuentess\system\CodeIgniter.php(326): CodeIgniter\CodeIgniter->handleRequest(NULL, Object(Config\Cache), false)
#8 D:\xampp\htdocs\prueba_acifuentess\index.php(39): CodeIgniter\CodeIgniter->run()
#9 {main}
CRITICAL - 2022-12-05 19:33:21 --> Class 'App\Controllers\ResourceController' not found
#0 D:\xampp\htdocs\prueba_acifuentess\system\Autoloader\Autoloader.php(264): include_once()
#1 D:\xampp\htdocs\prueba_acifuentess\system\Autoloader\Autoloader.php(241): CodeIgniter\Autoloader\Autoloader->includeFile('D:\\xampp\\htdocs...')
#2 D:\xampp\htdocs\prueba_acifuentess\system\Autoloader\Autoloader.php(219): CodeIgniter\Autoloader\Autoloader->loadInNamespace('App\\Controllers...')
#3 [internal function]: CodeIgniter\Autoloader\Autoloader->loadClass('App\\Controllers...')
#4 [internal function]: spl_autoload_call('App\\Controllers...')
#5 D:\xampp\htdocs\prueba_acifuentess\system\CodeIgniter.php(797): class_exists('\\App\\Controller...', true)
#6 D:\xampp\htdocs\prueba_acifuentess\system\CodeIgniter.php(406): CodeIgniter\CodeIgniter->startController()
#7 D:\xampp\htdocs\prueba_acifuentess\system\CodeIgniter.php(326): CodeIgniter\CodeIgniter->handleRequest(NULL, Object(Config\Cache), false)
#8 D:\xampp\htdocs\prueba_acifuentess\index.php(39): CodeIgniter\CodeIgniter->run()
#9 {main}
CRITICAL - 2022-12-05 19:36:25 --> Class 'App\Controllers\ResourceController' not found
#0 D:\xampp\htdocs\prueba_acifuentess\system\Autoloader\Autoloader.php(264): include_once()
#1 D:\xampp\htdocs\prueba_acifuentess\system\Autoloader\Autoloader.php(241): CodeIgniter\Autoloader\Autoloader->includeFile('D:\\xampp\\htdocs...')
#2 D:\xampp\htdocs\prueba_acifuentess\system\Autoloader\Autoloader.php(219): CodeIgniter\Autoloader\Autoloader->loadInNamespace('App\\Controllers...')
#3 [internal function]: CodeIgniter\Autoloader\Autoloader->loadClass('App\\Controllers...')
#4 [internal function]: spl_autoload_call('App\\Controllers...')
#5 D:\xampp\htdocs\prueba_acifuentess\system\CodeIgniter.php(797): class_exists('\\App\\Controller...', true)
#6 D:\xampp\htdocs\prueba_acifuentess\system\CodeIgniter.php(406): CodeIgniter\CodeIgniter->startController()
#7 D:\xampp\htdocs\prueba_acifuentess\system\CodeIgniter.php(326): CodeIgniter\CodeIgniter->handleRequest(NULL, Object(Config\Cache), false)
#8 D:\xampp\htdocs\prueba_acifuentess\index.php(39): CodeIgniter\CodeIgniter->run()
#9 {main}
CRITICAL - 2022-12-05 19:36:30 --> Class 'App\Controllers\ResourceController' not found
#0 D:\xampp\htdocs\prueba_acifuentess\system\Autoloader\Autoloader.php(264): include_once()
#1 D:\xampp\htdocs\prueba_acifuentess\system\Autoloader\Autoloader.php(241): CodeIgniter\Autoloader\Autoloader->includeFile('D:\\xampp\\htdocs...')
#2 D:\xampp\htdocs\prueba_acifuentess\system\Autoloader\Autoloader.php(219): CodeIgniter\Autoloader\Autoloader->loadInNamespace('App\\Controllers...')
#3 [internal function]: CodeIgniter\Autoloader\Autoloader->loadClass('App\\Controllers...')
#4 [internal function]: spl_autoload_call('App\\Controllers...')
#5 D:\xampp\htdocs\prueba_acifuentess\system\CodeIgniter.php(797): class_exists('\\App\\Controller...', true)
#6 D:\xampp\htdocs\prueba_acifuentess\system\CodeIgniter.php(406): CodeIgniter\CodeIgniter->startController()
#7 D:\xampp\htdocs\prueba_acifuentess\system\CodeIgniter.php(326): CodeIgniter\CodeIgniter->handleRequest(NULL, Object(Config\Cache), false)
#8 D:\xampp\htdocs\prueba_acifuentess\index.php(39): CodeIgniter\CodeIgniter->run()
#9 {main}
CRITICAL - 2022-12-05 19:38:59 --> Invalid file: home.php
#0 D:\xampp\htdocs\prueba_acifuentess\system\View\View.php(198): CodeIgniter\Exceptions\FrameworkException::forInvalidFile('home.php')
#1 D:\xampp\htdocs\prueba_acifuentess\system\Common.php(1089): CodeIgniter\View\View->render('home', Array, true)
#2 D:\xampp\htdocs\prueba_acifuentess\app\Controllers\Home.php(35): view('home')
#3 D:\xampp\htdocs\prueba_acifuentess\system\CodeIgniter.php(832): App\Controllers\Home->index()
#4 D:\xampp\htdocs\prueba_acifuentess\system\CodeIgniter.php(419): CodeIgniter\CodeIgniter->runController(Object(App\Controllers\Home))
#5 D:\xampp\htdocs\prueba_acifuentess\system\CodeIgniter.php(326): CodeIgniter\CodeIgniter->handleRequest(NULL, Object(Config\Cache), false)
#6 D:\xampp\htdocs\prueba_acifuentess\index.php(39): CodeIgniter\CodeIgniter->run()
#7 {main}
CRITICAL - 2022-12-05 19:41:34 --> Invalid file: home.php
#0 D:\xampp\htdocs\prueba_acifuentess\system\View\View.php(198): CodeIgniter\Exceptions\FrameworkException::forInvalidFile('home.php')
#1 D:\xampp\htdocs\prueba_acifuentess\system\Common.php(1089): CodeIgniter\View\View->render('home', Array, true)
#2 D:\xampp\htdocs\prueba_acifuentess\app\Controllers\Home.php(35): view('home')
#3 D:\xampp\htdocs\prueba_acifuentess\system\CodeIgniter.php(832): App\Controllers\Home->index()
#4 D:\xampp\htdocs\prueba_acifuentess\system\CodeIgniter.php(419): CodeIgniter\CodeIgniter->runController(Object(App\Controllers\Home))
#5 D:\xampp\htdocs\prueba_acifuentess\system\CodeIgniter.php(326): CodeIgniter\CodeIgniter->handleRequest(NULL, Object(Config\Cache), false)
#6 D:\xampp\htdocs\prueba_acifuentess\index.php(39): CodeIgniter\CodeIgniter->run()
#7 {main}
CRITICAL - 2022-12-05 19:42:57 --> Invalid file: home.php
#0 D:\xampp\htdocs\prueba_acifuentess\system\View\View.php(198): CodeIgniter\Exceptions\FrameworkException::forInvalidFile('home.php')
#1 D:\xampp\htdocs\prueba_acifuentess\system\Common.php(1089): CodeIgniter\View\View->render('home', Array, true)
#2 D:\xampp\htdocs\prueba_acifuentess\app\Controllers\Home.php(35): view('home')
#3 D:\xampp\htdocs\prueba_acifuentess\system\CodeIgniter.php(832): App\Controllers\Home->index()
#4 D:\xampp\htdocs\prueba_acifuentess\system\CodeIgniter.php(419): CodeIgniter\CodeIgniter->runController(Object(App\Controllers\Home))
#5 D:\xampp\htdocs\prueba_acifuentess\system\CodeIgniter.php(326): CodeIgniter\CodeIgniter->handleRequest(NULL, Object(Config\Cache), false)
#6 D:\xampp\htdocs\prueba_acifuentess\index.php(39): CodeIgniter\CodeIgniter->run()
#7 {main}
CRITICAL - 2022-12-05 19:43:05 --> Invalid file: home.php
#0 D:\xampp\htdocs\prueba_acifuentess\system\View\View.php(198): CodeIgniter\Exceptions\FrameworkException::forInvalidFile('home.php')
#1 D:\xampp\htdocs\prueba_acifuentess\system\Common.php(1089): CodeIgniter\View\View->render('home', Array, true)
#2 D:\xampp\htdocs\prueba_acifuentess\app\Controllers\Home.php(35): view('home')
#3 D:\xampp\htdocs\prueba_acifuentess\system\CodeIgniter.php(832): App\Controllers\Home->index()
#4 D:\xampp\htdocs\prueba_acifuentess\system\CodeIgniter.php(419): CodeIgniter\CodeIgniter->runController(Object(App\Controllers\Home))
#5 D:\xampp\htdocs\prueba_acifuentess\system\CodeIgniter.php(326): CodeIgniter\CodeIgniter->handleRequest(NULL, Object(Config\Cache), false)
#6 D:\xampp\htdocs\prueba_acifuentess\index.php(39): CodeIgniter\CodeIgniter->run()
#7 {main}
CRITICAL - 2022-12-05 19:43:50 --> Invalid file: home.php
#0 D:\xampp\htdocs\prueba_acifuentess\system\View\View.php(198): CodeIgniter\Exceptions\FrameworkException::forInvalidFile('home.php')
#1 D:\xampp\htdocs\prueba_acifuentess\system\Common.php(1089): CodeIgniter\View\View->render('home', Array, true)
#2 D:\xampp\htdocs\prueba_acifuentess\app\Controllers\Home.php(35): view('home')
#3 D:\xampp\htdocs\prueba_acifuentess\system\CodeIgniter.php(832): App\Controllers\Home->index()
#4 D:\xampp\htdocs\prueba_acifuentess\system\CodeIgniter.php(419): CodeIgniter\CodeIgniter->runController(Object(App\Controllers\Home))
#5 D:\xampp\htdocs\prueba_acifuentess\system\CodeIgniter.php(326): CodeIgniter\CodeIgniter->handleRequest(NULL, Object(Config\Cache), false)
#6 D:\xampp\htdocs\prueba_acifuentess\index.php(39): CodeIgniter\CodeIgniter->run()
#7 {main}
